<?xml version="1.0" encoding="UTF-8"?>
<testng-results ignored="0" total="5" passed="5" failed="0" skipped="0">
  <reporter-output>
  </reporter-output>
  <suite started-at="2022-11-27T12:49:18 IST" name="Default suite" finished-at="2022-11-27T12:49:42 IST" duration-ms="23940">
    <groups>
    </groups>
    <test started-at="2022-11-27T12:49:18 IST" name="Default test" finished-at="2022-11-27T12:49:42 IST" duration-ms="23940">
      <class name="testngAnnotations.ActitimeInvalidLogin">
        <test-method is-config="true" signature="setUp()[pri:0, instance:testngAnnotations.ActitimeInvalidLogin@120f102b]" started-at="2022-11-27T12:49:18 IST" name="setUp" finished-at="2022-11-27T12:49:23 IST" duration-ms="5035" status="PASS">
          <reporter-output>
          </reporter-output>
        </test-method> <!-- setUp -->
        <test-method signature="testInvalidLogin(java.lang.String,java.lang.String)[pri:0, instance:testngAnnotations.ActitimeInvalidLogin@120f102b]" started-at="2022-11-27T12:49:23 IST" name="testInvalidLogin" data-provider="dataProviderActitime" finished-at="2022-11-27T12:49:24 IST" duration-ms="332" status="PASS">
          <params>
            <param index="0">
              <value>
                <![CDATA[admin]]>
              </value>
            </param>
            <param index="1">
              <value>
                <![CDATA[manager123]]>
              </value>
            </param>
          </params>
          <reporter-output>
          </reporter-output>
        </test-method> <!-- testInvalidLogin -->
        <test-method is-config="true" signature="tearDown()[pri:0, instance:testngAnnotations.ActitimeInvalidLogin@120f102b]" started-at="2022-11-27T12:49:24 IST" name="tearDown" finished-at="2022-11-27T12:49:24 IST" duration-ms="686" status="PASS">
          <reporter-output>
          </reporter-output>
        </test-method> <!-- tearDown -->
        <test-method is-config="true" signature="setUp()[pri:0, instance:testngAnnotations.ActitimeInvalidLogin@120f102b]" started-at="2022-11-27T12:49:24 IST" name="setUp" finished-at="2022-11-27T12:49:28 IST" duration-ms="3492" status="PASS">
          <reporter-output>
          </reporter-output>
        </test-method> <!-- setUp -->
        <test-method signature="testInvalidLogin(java.lang.String,java.lang.String)[pri:0, instance:testngAnnotations.ActitimeInvalidLogin@120f102b]" started-at="2022-11-27T12:49:28 IST" name="testInvalidLogin" data-provider="dataProviderActitime" finished-at="2022-11-27T12:49:28 IST" duration-ms="262" status="PASS">
          <params>
            <param index="0">
              <value>
                <![CDATA[admin1223]]>
              </value>
            </param>
            <param index="1">
              <value>
                <![CDATA[admin1]]>
              </value>
            </param>
          </params>
          <reporter-output>
          </reporter-output>
        </test-method> <!-- testInvalidLogin -->
        <test-method is-config="true" signature="tearDown()[pri:0, instance:testngAnnotations.ActitimeInvalidLogin@120f102b]" started-at="2022-11-27T12:49:28 IST" name="tearDown" finished-at="2022-11-27T12:49:29 IST" duration-ms="639" status="PASS">
          <reporter-output>
          </reporter-output>
        </test-method> <!-- tearDown -->
        <test-method is-config="true" signature="setUp()[pri:0, instance:testngAnnotations.ActitimeInvalidLogin@120f102b]" started-at="2022-11-27T12:49:29 IST" name="setUp" finished-at="2022-11-27T12:49:33 IST" duration-ms="3689" status="PASS">
          <reporter-output>
          </reporter-output>
        </test-method> <!-- setUp -->
        <test-method signature="testInvalidLogin(java.lang.String,java.lang.String)[pri:0, instance:testngAnnotations.ActitimeInvalidLogin@120f102b]" started-at="2022-11-27T12:49:33 IST" name="testInvalidLogin" data-provider="dataProviderActitime" finished-at="2022-11-27T12:49:33 IST" duration-ms="283" status="PASS">
          <params>
            <param index="0">
              <value>
                <![CDATA[123manger]]>
              </value>
            </param>
            <param index="1">
              <value>
                <![CDATA[admin]]>
              </value>
            </param>
          </params>
          <reporter-output>
          </reporter-output>
        </test-method> <!-- testInvalidLogin -->
        <test-method is-config="true" signature="tearDown()[pri:0, instance:testngAnnotations.ActitimeInvalidLogin@120f102b]" started-at="2022-11-27T12:49:33 IST" name="tearDown" finished-at="2022-11-27T12:49:33 IST" duration-ms="669" status="PASS">
          <reporter-output>
          </reporter-output>
        </test-method> <!-- tearDown -->
        <test-method is-config="true" signature="setUp()[pri:0, instance:testngAnnotations.ActitimeInvalidLogin@120f102b]" started-at="2022-11-27T12:49:33 IST" name="setUp" finished-at="2022-11-27T12:49:37 IST" duration-ms="3330" status="PASS">
          <reporter-output>
          </reporter-output>
        </test-method> <!-- setUp -->
        <test-method signature="testInvalidLogin(java.lang.String,java.lang.String)[pri:0, instance:testngAnnotations.ActitimeInvalidLogin@120f102b]" started-at="2022-11-27T12:49:37 IST" name="testInvalidLogin" data-provider="dataProviderActitime" finished-at="2022-11-27T12:49:37 IST" duration-ms="279" status="PASS">
          <params>
            <param index="0">
              <value>
                <![CDATA[1234]]>
              </value>
            </param>
            <param index="1">
              <value>
                <![CDATA[manage]]>
              </value>
            </param>
          </params>
          <reporter-output>
          </reporter-output>
        </test-method> <!-- testInvalidLogin -->
        <test-method is-config="true" signature="tearDown()[pri:0, instance:testngAnnotations.ActitimeInvalidLogin@120f102b]" started-at="2022-11-27T12:49:37 IST" name="tearDown" finished-at="2022-11-27T12:49:38 IST" duration-ms="666" status="PASS">
          <reporter-output>
          </reporter-output>
        </test-method> <!-- tearDown -->
        <test-method is-config="true" signature="setUp()[pri:0, instance:testngAnnotations.ActitimeInvalidLogin@120f102b]" started-at="2022-11-27T12:49:38 IST" name="setUp" finished-at="2022-11-27T12:49:41 IST" duration-ms="3523" status="PASS">
          <reporter-output>
          </reporter-output>
        </test-method> <!-- setUp -->
        <test-method signature="testInvalidLogin(java.lang.String,java.lang.String)[pri:0, instance:testngAnnotations.ActitimeInvalidLogin@120f102b]" started-at="2022-11-27T12:49:41 IST" name="testInvalidLogin" data-provider="dataProviderActitime" finished-at="2022-11-27T12:49:42 IST" duration-ms="270" status="PASS">
          <params>
            <param index="0">
              <value>
                <![CDATA[admi]]>
              </value>
            </param>
            <param index="1">
              <value>
                <![CDATA[admin12]]>
              </value>
            </param>
          </params>
          <reporter-output>
          </reporter-output>
        </test-method> <!-- testInvalidLogin -->
        <test-method is-config="true" signature="tearDown()[pri:0, instance:testngAnnotations.ActitimeInvalidLogin@120f102b]" started-at="2022-11-27T12:49:42 IST" name="tearDown" finished-at="2022-11-27T12:49:42 IST" duration-ms="694" status="PASS">
          <reporter-output>
          </reporter-output>
        </test-method> <!-- tearDown -->
      </class> <!-- testngAnnotations.ActitimeInvalidLogin -->
    </test> <!-- Default test -->
  </suite> <!-- Default suite -->
</testng-results>
