<?xml version="1.0" encoding="UTF-8"?>
<testng-results ignored="0" total="2" passed="2" failed="0" skipped="0">
  <reporter-output>
  </reporter-output>
  <suite started-at="2022-12-08T20:08:44 IST" name="Suite" finished-at="2022-12-08T20:08:56 IST" duration-ms="11646">
    <groups>
    </groups>
    <test started-at="2022-12-08T20:08:44 IST" name="ChromeRunner" finished-at="2022-12-08T20:08:51 IST" duration-ms="6383">
      <class name="testngParallelExecution.Actitime">
        <test-method signature="loginToActitime(java.lang.String,java.lang.String,java.lang.String)[pri:0, instance:testngParallelExecution.Actitime@55536d9e]" started-at="2022-12-08T20:08:44 IST" name="loginToActitime" finished-at="2022-12-08T20:08:51 IST" duration-ms="6304" status="PASS">
          <params>
            <param index="0">
              <value>
                <![CDATA[chrome]]>
              </value>
            </param>
            <param index="1">
              <value>
                <![CDATA[admin]]>
              </value>
            </param>
            <param index="2">
              <value>
                <![CDATA[manager]]>
              </value>
            </param>
          </params>
          <reporter-output>
          </reporter-output>
        </test-method> <!-- loginToActitime -->
      </class> <!-- testngParallelExecution.Actitime -->
    </test> <!-- ChromeRunner -->
    <test started-at="2022-12-08T20:08:44 IST" name="FirefoxRunner" finished-at="2022-12-08T20:08:56 IST" duration-ms="11646">
      <class name="testngParallelExecution.Actitime">
        <test-method signature="loginToActitime(java.lang.String,java.lang.String,java.lang.String)[pri:0, instance:testngParallelExecution.Actitime@78123e82]" started-at="2022-12-08T20:08:44 IST" name="loginToActitime" finished-at="2022-12-08T20:08:56 IST" duration-ms="11584" status="PASS">
          <params>
            <param index="0">
              <value>
                <![CDATA[firefox]]>
              </value>
            </param>
            <param index="1">
              <value>
                <![CDATA[admin]]>
              </value>
            </param>
            <param index="2">
              <value>
                <![CDATA[manager]]>
              </value>
            </param>
          </params>
          <reporter-output>
          </reporter-output>
        </test-method> <!-- loginToActitime -->
      </class> <!-- testngParallelExecution.Actitime -->
    </test> <!-- FirefoxRunner -->
  </suite> <!-- Suite -->
</testng-results>
