<?xml version="1.0" encoding="UTF-8"?>
<!-- Generated by org.testng.reporters.JUnitXMLReporter -->
<testsuite ignored="0" hostname="user1" failures="0" tests="5" name="Default test" time="23.94" errors="0" timestamp="2022-11-27T12:49:42 IST">
  <testcase classname="testngAnnotations.ActitimeInvalidLogin" name="testInvalidLogin" time="0.332"/>
  <testcase classname="testngAnnotations.ActitimeInvalidLogin" name="testInvalidLogin" time="0.262"/>
  <testcase classname="testngAnnotations.ActitimeInvalidLogin" name="testInvalidLogin" time="0.283"/>
  <testcase classname="testngAnnotations.ActitimeInvalidLogin" name="testInvalidLogin" time="0.279"/>
  <testcase classname="testngAnnotations.ActitimeInvalidLogin" name="testInvalidLogin" time="0.27"/>
</testsuite> <!-- Default test -->
